0000              1   ;--------------------------------------------------------
0000              2   ; File Created by C51
0000              3   ; Version 1.0.0 #1069 (Apr 23 2015) (MSVC)
0000              4   ; This file was generated Tue Apr 07 21:25:19 2020
0000              5   ;--------------------------------------------------------
                  5   $name FreqEFM8
                  6   $optc51 --model-small
0000              8            R_DSEG    segment data
0000              9            R_CSEG    segment code
0000             10            R_BSEG    segment bit
0000             11            R_XSEG    segment xdata
0000             12            R_PSEG    segment xdata
0000             13            R_ISEG    segment idata
0000             14            R_OSEG    segment data overlay
0000             15            BIT_BANK  segment data overlay
0000             16            R_HOME    segment code
0000             17            R_GSINIT  segment code
0000             18            R_IXSEG   segment xdata
0000             19            R_CONST   segment code
0000             20            R_XINIT   segment code
0000             21            R_DINIT   segment code
0000             22   
0000             23   ;--------------------------------------------------------
0000             24   ; Public variables in this module
0000             25   ;--------------------------------------------------------
0000             26            public _main
0000             27            public _TIMER0_Init
0000             28            public _Timer2_ISR
0000             29            public _waitms
0000             30            public _Timer3us
0000             31            public __c51_external_startup
0000             32            public _number1
0000             33            public _pwm_count
0000             34            public _overflow_count
0000             35   ;--------------------------------------------------------
0000             36   ; Special Function Registers
0000             37   ;--------------------------------------------------------
0000             38   _ACC            DATA 0xe0
0000             39   _ADC0ASAH       DATA 0xb6
0000             40   _ADC0ASAL       DATA 0xb5
0000             41   _ADC0ASCF       DATA 0xa1
0000             42   _ADC0ASCT       DATA 0xc7
0000             43   _ADC0CF0        DATA 0xbc
0000             44   _ADC0CF1        DATA 0xb9
0000             45   _ADC0CF2        DATA 0xdf
0000             46   _ADC0CN0        DATA 0xe8
0000             47   _ADC0CN1        DATA 0xb2
0000             48   _ADC0CN2        DATA 0xb3
0000             49   _ADC0GTH        DATA 0xc4
0000             50   _ADC0GTL        DATA 0xc3
0000             51   _ADC0H          DATA 0xbe
0000             52   _ADC0L          DATA 0xbd
0000             53   _ADC0LTH        DATA 0xc6
0000             54   _ADC0LTL        DATA 0xc5
0000             55   _ADC0MX         DATA 0xbb
0000             56   _B              DATA 0xf0
0000             57   _CKCON0         DATA 0x8e
0000             58   _CKCON1         DATA 0xa6
0000             59   _CLEN0          DATA 0xc6
0000             60   _CLIE0          DATA 0xc7
0000             61   _CLIF0          DATA 0xe8
0000             62   _CLKSEL         DATA 0xa9
0000             63   _CLOUT0         DATA 0xd1
0000             64   _CLU0CF         DATA 0xb1
0000             65   _CLU0FN         DATA 0xaf
0000             66   _CLU0MX         DATA 0x84
0000             67   _CLU1CF         DATA 0xb3
0000             68   _CLU1FN         DATA 0xb2
0000             69   _CLU1MX         DATA 0x85
0000             70   _CLU2CF         DATA 0xb6
0000             71   _CLU2FN         DATA 0xb5
0000             72   _CLU2MX         DATA 0x91
0000             73   _CLU3CF         DATA 0xbf
0000             74   _CLU3FN         DATA 0xbe
0000             75   _CLU3MX         DATA 0xae
0000             76   _CMP0CN0        DATA 0x9b
0000             77   _CMP0CN1        DATA 0x99
0000             78   _CMP0MD         DATA 0x9d
0000             79   _CMP0MX         DATA 0x9f
0000             80   _CMP1CN0        DATA 0xbf
0000             81   _CMP1CN1        DATA 0xac
0000             82   _CMP1MD         DATA 0xab
0000             83   _CMP1MX         DATA 0xaa
0000             84   _CRC0CN0        DATA 0xce
0000             85   _CRC0CN1        DATA 0x86
0000             86   _CRC0CNT        DATA 0xd3
0000             87   _CRC0DAT        DATA 0xcb
0000             88   _CRC0FLIP       DATA 0xcf
0000             89   _CRC0IN         DATA 0xca
0000             90   _CRC0ST         DATA 0xd2
0000             91   _DAC0CF0        DATA 0x91
0000             92   _DAC0CF1        DATA 0x92
0000             93   _DAC0H          DATA 0x85
0000             94   _DAC0L          DATA 0x84
0000             95   _DAC1CF0        DATA 0x93
0000             96   _DAC1CF1        DATA 0x94
0000             97   _DAC1H          DATA 0x8a
0000             98   _DAC1L          DATA 0x89
0000             99   _DAC2CF0        DATA 0x95
0000            100   _DAC2CF1        DATA 0x96
0000            101   _DAC2H          DATA 0x8c
0000            102   _DAC2L          DATA 0x8b
0000            103   _DAC3CF0        DATA 0x9a
0000            104   _DAC3CF1        DATA 0x9c
0000            105   _DAC3H          DATA 0x8e
0000            106   _DAC3L          DATA 0x8d
0000            107   _DACGCF0        DATA 0x88
0000            108   _DACGCF1        DATA 0x98
0000            109   _DACGCF2        DATA 0xa2
0000            110   _DERIVID        DATA 0xad
0000            111   _DEVICEID       DATA 0xb5
0000            112   _DPH            DATA 0x83
0000            113   _DPL            DATA 0x82
0000            114   _EIE1           DATA 0xe6
0000            115   _EIE2           DATA 0xf3
0000            116   _EIP1           DATA 0xbb
0000            117   _EIP1H          DATA 0xee
0000            118   _EIP2           DATA 0xed
0000            119   _EIP2H          DATA 0xf6
0000            120   _EMI0CN         DATA 0xe7
0000            121   _FLKEY          DATA 0xb7
0000            122   _HFO0CAL        DATA 0xc7
0000            123   _HFO1CAL        DATA 0xd6
0000            124   _HFOCN          DATA 0xef
0000            125   _I2C0ADM        DATA 0xff
0000            126   _I2C0CN0        DATA 0xba
0000            127   _I2C0DIN        DATA 0xbc
0000            128   _I2C0DOUT       DATA 0xbb
0000            129   _I2C0FCN0       DATA 0xad
0000            130   _I2C0FCN1       DATA 0xab
0000            131   _I2C0FCT        DATA 0xf5
0000            132   _I2C0SLAD       DATA 0xbd
0000            133   _I2C0STAT       DATA 0xb9
0000            134   _IE             DATA 0xa8
0000            135   _IP             DATA 0xb8
0000            136   _IPH            DATA 0xf2
0000            137   _IT01CF         DATA 0xe4
0000            138   _LFO0CN         DATA 0xb1
0000            139   _P0             DATA 0x80
0000            140   _P0MASK         DATA 0xfe
0000            141   _P0MAT          DATA 0xfd
0000            142   _P0MDIN         DATA 0xf1
0000            143   _P0MDOUT        DATA 0xa4
0000            144   _P0SKIP         DATA 0xd4
0000            145   _P1             DATA 0x90
0000            146   _P1MASK         DATA 0xee
0000            147   _P1MAT          DATA 0xed
0000            148   _P1MDIN         DATA 0xf2
0000            149   _P1MDOUT        DATA 0xa5
0000            150   _P1SKIP         DATA 0xd5
0000            151   _P2             DATA 0xa0
0000            152   _P2MASK         DATA 0xfc
0000            153   _P2MAT          DATA 0xfb
0000            154   _P2MDIN         DATA 0xf3
0000            155   _P2MDOUT        DATA 0xa6
0000            156   _P2SKIP         DATA 0xcc
0000            157   _P3             DATA 0xb0
0000            158   _P3MDIN         DATA 0xf4
0000            159   _P3MDOUT        DATA 0x9c
0000            160   _PCA0CENT       DATA 0x9e
0000            161   _PCA0CLR        DATA 0x9c
0000            162   _PCA0CN0        DATA 0xd8
0000            163   _PCA0CPH0       DATA 0xfc
0000            164   _PCA0CPH1       DATA 0xea
0000            165   _PCA0CPH2       DATA 0xec
0000            166   _PCA0CPH3       DATA 0xf5
0000            167   _PCA0CPH4       DATA 0x85
0000            168   _PCA0CPH5       DATA 0xde
0000            169   _PCA0CPL0       DATA 0xfb
0000            170   _PCA0CPL1       DATA 0xe9
0000            171   _PCA0CPL2       DATA 0xeb
0000            172   _PCA0CPL3       DATA 0xf4
0000            173   _PCA0CPL4       DATA 0x84
0000            174   _PCA0CPL5       DATA 0xdd
0000            175   _PCA0CPM0       DATA 0xda
0000            176   _PCA0CPM1       DATA 0xdb
0000            177   _PCA0CPM2       DATA 0xdc
0000            178   _PCA0CPM3       DATA 0xae
0000            179   _PCA0CPM4       DATA 0xaf
0000            180   _PCA0CPM5       DATA 0xcc
0000            181   _PCA0H          DATA 0xfa
0000            182   _PCA0L          DATA 0xf9
0000            183   _PCA0MD         DATA 0xd9
0000            184   _PCA0POL        DATA 0x96
0000            185   _PCA0PWM        DATA 0xf7
0000            186   _PCON0          DATA 0x87
0000            187   _PCON1          DATA 0xcd
0000            188   _PFE0CN         DATA 0xc1
0000            189   _PRTDRV         DATA 0xf6
0000            190   _PSCTL          DATA 0x8f
0000            191   _PSTAT0         DATA 0xaa
0000            192   _PSW            DATA 0xd0
0000            193   _REF0CN         DATA 0xd1
0000            194   _REG0CN         DATA 0xc9
0000            195   _REVID          DATA 0xb6
0000            196   _RSTSRC         DATA 0xef
0000            197   _SBCON1         DATA 0x94
0000            198   _SBRLH1         DATA 0x96
0000            199   _SBRLL1         DATA 0x95
0000            200   _SBUF           DATA 0x99
0000            201   _SBUF0          DATA 0x99
0000            202   _SBUF1          DATA 0x92
0000            203   _SCON           DATA 0x98
0000            204   _SCON0          DATA 0x98
0000            205   _SCON1          DATA 0xc8
0000            206   _SFRPAGE        DATA 0xa7
0000            207   _SFRPGCN        DATA 0xbc
0000            208   _SFRSTACK       DATA 0xd7
0000            209   _SMB0ADM        DATA 0xd6
0000            210   _SMB0ADR        DATA 0xd7
0000            211   _SMB0CF         DATA 0xc1
0000            212   _SMB0CN0        DATA 0xc0
0000            213   _SMB0DAT        DATA 0xc2
0000            214   _SMB0FCN0       DATA 0xc3
0000            215   _SMB0FCN1       DATA 0xc4
0000            216   _SMB0FCT        DATA 0xef
0000            217   _SMB0RXLN       DATA 0xc5
0000            218   _SMB0TC         DATA 0xac
0000            219   _SMOD1          DATA 0x93
0000            220   _SP             DATA 0x81
0000            221   _SPI0CFG        DATA 0xa1
0000            222   _SPI0CKR        DATA 0xa2
0000            223   _SPI0CN0        DATA 0xf8
0000            224   _SPI0DAT        DATA 0xa3
0000            225   _SPI0FCN0       DATA 0x9a
0000            226   _SPI0FCN1       DATA 0x9b
0000            227   _SPI0FCT        DATA 0xf7
0000            228   _SPI0PCF        DATA 0xdf
0000            229   _TCON           DATA 0x88
0000            230   _TH0            DATA 0x8c
0000            231   _TH1            DATA 0x8d
0000            232   _TL0            DATA 0x8a
0000            233   _TL1            DATA 0x8b
0000            234   _TMOD           DATA 0x89
0000            235   _TMR2CN0        DATA 0xc8
0000            236   _TMR2CN1        DATA 0xfd
0000            237   _TMR2H          DATA 0xcf
0000            238   _TMR2L          DATA 0xce
0000            239   _TMR2RLH        DATA 0xcb
0000            240   _TMR2RLL        DATA 0xca
0000            241   _TMR3CN0        DATA 0x91
0000            242   _TMR3CN1        DATA 0xfe
0000            243   _TMR3H          DATA 0x95
0000            244   _TMR3L          DATA 0x94
0000            245   _TMR3RLH        DATA 0x93
0000            246   _TMR3RLL        DATA 0x92
0000            247   _TMR4CN0        DATA 0x98
0000            248   _TMR4CN1        DATA 0xff
0000            249   _TMR4H          DATA 0xa5
0000            250   _TMR4L          DATA 0xa4
0000            251   _TMR4RLH        DATA 0xa3
0000            252   _TMR4RLL        DATA 0xa2
0000            253   _TMR5CN0        DATA 0xc0
0000            254   _TMR5CN1        DATA 0xf1
0000            255   _TMR5H          DATA 0xd5
0000            256   _TMR5L          DATA 0xd4
0000            257   _TMR5RLH        DATA 0xd3
0000            258   _TMR5RLL        DATA 0xd2
0000            259   _UART0PCF       DATA 0xd9
0000            260   _UART1FCN0      DATA 0x9d
0000            261   _UART1FCN1      DATA 0xd8
0000            262   _UART1FCT       DATA 0xfa
0000            263   _UART1LIN       DATA 0x9e
0000            264   _UART1PCF       DATA 0xda
0000            265   _VDM0CN         DATA 0xff
0000            266   _WDTCN          DATA 0x97
0000            267   _XBR0           DATA 0xe1
0000            268   _XBR1           DATA 0xe2
0000            269   _XBR2           DATA 0xe3
0000            270   _XOSC0CN        DATA 0x86
0000            271   _DPTR           DATA 0x8382
0000            272   _TMR2RL         DATA 0xcbca
0000            273   _TMR3RL         DATA 0x9392
0000            274   _TMR4RL         DATA 0xa3a2
0000            275   _TMR5RL         DATA 0xd3d2
0000            276   _TMR0           DATA 0x8c8a
0000            277   _TMR1           DATA 0x8d8b
0000            278   _TMR2           DATA 0xcfce
0000            279   _TMR3           DATA 0x9594
0000            280   _TMR4           DATA 0xa5a4
0000            281   _TMR5           DATA 0xd5d4
0000            282   _SBRL1          DATA 0x9695
0000            283   _PCA0           DATA 0xfaf9
0000            284   _PCA0CP0        DATA 0xfcfb
0000            285   _PCA0CP1        DATA 0xeae9
0000            286   _PCA0CP2        DATA 0xeceb
0000            287   _PCA0CP3        DATA 0xf5f4
0000            288   _PCA0CP4        DATA 0x8584
0000            289   _PCA0CP5        DATA 0xdedd
0000            290   _ADC0ASA        DATA 0xb6b5
0000            291   _ADC0GT         DATA 0xc4c3
0000            292   _ADC0           DATA 0xbebd
0000            293   _ADC0LT         DATA 0xc6c5
0000            294   _DAC0           DATA 0x8584
0000            295   _DAC1           DATA 0x8a89
0000            296   _DAC2           DATA 0x8c8b
0000            297   _DAC3           DATA 0x8e8d
0000            298   ;--------------------------------------------------------
0000            299   ; special function bits
0000            300   ;--------------------------------------------------------
0000            301   _ACC_0          BIT 0xe0
0000            302   _ACC_1          BIT 0xe1
0000            303   _ACC_2          BIT 0xe2
0000            304   _ACC_3          BIT 0xe3
0000            305   _ACC_4          BIT 0xe4
0000            306   _ACC_5          BIT 0xe5
0000            307   _ACC_6          BIT 0xe6
0000            308   _ACC_7          BIT 0xe7
0000            309   _TEMPE          BIT 0xe8
0000            310   _ADGN0          BIT 0xe9
0000            311   _ADGN1          BIT 0xea
0000            312   _ADWINT         BIT 0xeb
0000            313   _ADBUSY         BIT 0xec
0000            314   _ADINT          BIT 0xed
0000            315   _IPOEN          BIT 0xee
0000            316   _ADEN           BIT 0xef
0000            317   _B_0            BIT 0xf0
0000            318   _B_1            BIT 0xf1
0000            319   _B_2            BIT 0xf2
0000            320   _B_3            BIT 0xf3
0000            321   _B_4            BIT 0xf4
0000            322   _B_5            BIT 0xf5
0000            323   _B_6            BIT 0xf6
0000            324   _B_7            BIT 0xf7
0000            325   _C0FIF          BIT 0xe8
0000            326   _C0RIF          BIT 0xe9
0000            327   _C1FIF          BIT 0xea
0000            328   _C1RIF          BIT 0xeb
0000            329   _C2FIF          BIT 0xec
0000            330   _C2RIF          BIT 0xed
0000            331   _C3FIF          BIT 0xee
0000            332   _C3RIF          BIT 0xef
0000            333   _D1SRC0         BIT 0x88
0000            334   _D1SRC1         BIT 0x89
0000            335   _D1AMEN         BIT 0x8a
0000            336   _D01REFSL       BIT 0x8b
0000            337   _D3SRC0         BIT 0x8c
0000            338   _D3SRC1         BIT 0x8d
0000            339   _D3AMEN         BIT 0x8e
0000            340   _D23REFSL       BIT 0x8f
0000            341   _D0UDIS         BIT 0x98
0000            342   _D1UDIS         BIT 0x99
0000            343   _D2UDIS         BIT 0x9a
0000            344   _D3UDIS         BIT 0x9b
0000            345   _EX0            BIT 0xa8
0000            346   _ET0            BIT 0xa9
0000            347   _EX1            BIT 0xaa
0000            348   _ET1            BIT 0xab
0000            349   _ES0            BIT 0xac
0000            350   _ET2            BIT 0xad
0000            351   _ESPI0          BIT 0xae
0000            352   _EA             BIT 0xaf
0000            353   _PX0            BIT 0xb8
0000            354   _PT0            BIT 0xb9
0000            355   _PX1            BIT 0xba
0000            356   _PT1            BIT 0xbb
0000            357   _PS0            BIT 0xbc
0000            358   _PT2            BIT 0xbd
0000            359   _PSPI0          BIT 0xbe
0000            360   _P0_0           BIT 0x80
0000            361   _P0_1           BIT 0x81
0000            362   _P0_2           BIT 0x82
0000            363   _P0_3           BIT 0x83
0000            364   _P0_4           BIT 0x84
0000            365   _P0_5           BIT 0x85
0000            366   _P0_6           BIT 0x86
0000            367   _P0_7           BIT 0x87
0000            368   _P1_0           BIT 0x90
0000            369   _P1_1           BIT 0x91
0000            370   _P1_2           BIT 0x92
0000            371   _P1_3           BIT 0x93
0000            372   _P1_4           BIT 0x94
0000            373   _P1_5           BIT 0x95
0000            374   _P1_6           BIT 0x96
0000            375   _P1_7           BIT 0x97
0000            376   _P2_0           BIT 0xa0
0000            377   _P2_1           BIT 0xa1
0000            378   _P2_2           BIT 0xa2
0000            379   _P2_3           BIT 0xa3
0000            380   _P2_4           BIT 0xa4
0000            381   _P2_5           BIT 0xa5
0000            382   _P2_6           BIT 0xa6
0000            383   _P3_0           BIT 0xb0
0000            384   _P3_1           BIT 0xb1
0000            385   _P3_2           BIT 0xb2
0000            386   _P3_3           BIT 0xb3
0000            387   _P3_4           BIT 0xb4
0000            388   _P3_7           BIT 0xb7
0000            389   _CCF0           BIT 0xd8
0000            390   _CCF1           BIT 0xd9
0000            391   _CCF2           BIT 0xda
0000            392   _CCF3           BIT 0xdb
0000            393   _CCF4           BIT 0xdc
0000            394   _CCF5           BIT 0xdd
0000            395   _CR             BIT 0xde
0000            396   _CF             BIT 0xdf
0000            397   _PARITY         BIT 0xd0
0000            398   _F1             BIT 0xd1
0000            399   _OV             BIT 0xd2
0000            400   _RS0            BIT 0xd3
0000            401   _RS1            BIT 0xd4
0000            402   _F0             BIT 0xd5
0000            403   _AC             BIT 0xd6
0000            404   _CY             BIT 0xd7
0000            405   _RI             BIT 0x98
0000            406   _TI             BIT 0x99
0000            407   _RB8            BIT 0x9a
0000            408   _TB8            BIT 0x9b
0000            409   _REN            BIT 0x9c
0000            410   _CE             BIT 0x9d
0000            411   _SMODE          BIT 0x9e
0000            412   _RI1            BIT 0xc8
0000            413   _TI1            BIT 0xc9
0000            414   _RBX1           BIT 0xca
0000            415   _TBX1           BIT 0xcb
0000            416   _REN1           BIT 0xcc
0000            417   _PERR1          BIT 0xcd
0000            418   _OVR1           BIT 0xce
0000            419   _SI             BIT 0xc0
0000            420   _ACK            BIT 0xc1
0000            421   _ARBLOST        BIT 0xc2
0000            422   _ACKRQ          BIT 0xc3
0000            423   _STO            BIT 0xc4
0000            424   _STA            BIT 0xc5
0000            425   _TXMODE         BIT 0xc6
0000            426   _MASTER         BIT 0xc7
0000            427   _SPIEN          BIT 0xf8
0000            428   _TXNF           BIT 0xf9
0000            429   _NSSMD0         BIT 0xfa
0000            430   _NSSMD1         BIT 0xfb
0000            431   _RXOVRN         BIT 0xfc
0000            432   _MODF           BIT 0xfd
0000            433   _WCOL           BIT 0xfe
0000            434   _SPIF           BIT 0xff
0000            435   _IT0            BIT 0x88
0000            436   _IE0            BIT 0x89
0000            437   _IT1            BIT 0x8a
0000            438   _IE1            BIT 0x8b
0000            439   _TR0            BIT 0x8c
0000            440   _TF0            BIT 0x8d
0000            441   _TR1            BIT 0x8e
0000            442   _TF1            BIT 0x8f
0000            443   _T2XCLK0        BIT 0xc8
0000            444   _T2XCLK1        BIT 0xc9
0000            445   _TR2            BIT 0xca
0000            446   _T2SPLIT        BIT 0xcb
0000            447   _TF2CEN         BIT 0xcc
0000            448   _TF2LEN         BIT 0xcd
0000            449   _TF2L           BIT 0xce
0000            450   _TF2H           BIT 0xcf
0000            451   _T4XCLK0        BIT 0x98
0000            452   _T4XCLK1        BIT 0x99
0000            453   _TR4            BIT 0x9a
0000            454   _T4SPLIT        BIT 0x9b
0000            455   _TF4CEN         BIT 0x9c
0000            456   _TF4LEN         BIT 0x9d
0000            457   _TF4L           BIT 0x9e
0000            458   _TF4H           BIT 0x9f
0000            459   _T5XCLK0        BIT 0xc0
0000            460   _T5XCLK1        BIT 0xc1
0000            461   _TR5            BIT 0xc2
0000            462   _T5SPLIT        BIT 0xc3
0000            463   _TF5CEN         BIT 0xc4
0000            464   _TF5LEN         BIT 0xc5
0000            465   _TF5L           BIT 0xc6
0000            466   _TF5H           BIT 0xc7
0000            467   _RIE            BIT 0xd8
0000            468   _RXTO0          BIT 0xd9
0000            469   _RXTO1          BIT 0xda
0000            470   _RFRQ           BIT 0xdb
0000            471   _TIE            BIT 0xdc
0000            472   _TXHOLD         BIT 0xdd
0000            473   _TXNF1          BIT 0xde
0000            474   _TFRQ           BIT 0xdf
0000            475   ;--------------------------------------------------------
0000            476   ; overlayable register banks
0000            477   ;--------------------------------------------------------
0000            478            rbank0 segment data overlay
0000            479   ;--------------------------------------------------------
0000            480   ; internal ram data
0000            481   ;--------------------------------------------------------
0000            482            rseg R_DSEG
0000            483   _overflow_count:
0000            484            ds 1
0001            485   _pwm_count:
0001            486            ds 1
0002            487   _number1:
0002            488            ds 2
0004            489   ;--------------------------------------------------------
0004            490   ; overlayable items in internal ram 
0004            491   ;--------------------------------------------------------
0000            492            rseg    R_OSEG
0000            493   ;--------------------------------------------------------
0000            494   ; indirectly addressable internal ram data
0000            495   ;--------------------------------------------------------
0000            496            rseg R_ISEG
0000            497   ;--------------------------------------------------------
0000            498   ; absolute internal ram data
0000            499   ;--------------------------------------------------------
0000            500            DSEG
0000            501   ;--------------------------------------------------------
0000            502   ; bit data
0000            503   ;--------------------------------------------------------
0000            504            rseg R_BSEG
0000            505   _Timer2_ISR_sloc0_1_0:
0000            506            DBIT    1
0001            507   ;--------------------------------------------------------
0001            508   ; paged external ram data
0001            509   ;--------------------------------------------------------
0000            510            rseg R_PSEG
0000            511   ;--------------------------------------------------------
0000            512   ; external ram data
0000            513   ;--------------------------------------------------------
0000            514            rseg R_XSEG
0000            515   ;--------------------------------------------------------
0000            516   ; absolute external ram data
0000            517   ;--------------------------------------------------------
0000            518            XSEG
0000            519   ;--------------------------------------------------------
0000            520   ; external initialized ram data
0000            521   ;--------------------------------------------------------
0000            522            rseg R_IXSEG
0000            523            rseg R_HOME
0000            524            rseg R_GSINIT
0000            525            rseg R_CSEG
0000            526   ;--------------------------------------------------------
0000            527   ; Reset entry point and interrupt vectors
0000            528   ;--------------------------------------------------------
0000            529            CSEG at 0x0000
0000 020100     530            ljmp    _crt0
002B            531            CSEG at 0x002b
002B 020100     532            ljmp    _Timer2_ISR
002E            533   ;--------------------------------------------------------
002E            534   ; global & static initialisations
002E            535   ;--------------------------------------------------------
0000            536            rseg R_HOME
0000            537            rseg R_GSINIT
0000            538            rseg R_GSINIT
0000            539   ;--------------------------------------------------------
0000            540   ; data variables initialization
0000            541   ;--------------------------------------------------------
0000            542            rseg R_DINIT
0000            543   ;        C:\Users\jinil\Desktop\ELEC\ELEC 291\New Project 2\FreqEFM8.c:16: volatile unsigned char pwm_count = 0;
0000 752000     544            mov     _pwm_count,#0x00
0003            545            ; The linker places a 'ret' at the end of segment R_DINIT.
0003            546   ;--------------------------------------------------------
0003            547   ; code
0003            548   ;--------------------------------------------------------
0000            549            rseg R_CSEG
0000            550   ;------------------------------------------------------------
0000            551   ;Allocation info for local variables in function '_c51_external_startup'
0000            552   ;------------------------------------------------------------
0000            553   ;------------------------------------------------------------
0000            554   ;        C:\Users\jinil\Desktop\ELEC\ELEC 291\New Project 2\FreqEFM8.c:20: char _c51_external_startup (void)
0000            555   ;        -----------------------------------------
0000            556   ;         function _c51_external_startup
0000            557   ;        -----------------------------------------
0000            558   __c51_external_startup:
0000            559            using   0
0000            560   ;        C:\Users\jinil\Desktop\ELEC\ELEC 291\New Project 2\FreqEFM8.c:23: SFRPAGE = 0x00;
0000 75A700     561            mov     _SFRPAGE,#0x00
0003            562   ;        C:\Users\jinil\Desktop\ELEC\ELEC 291\New Project 2\FreqEFM8.c:24: WDTCN = 0xDE; //First key
0003 7597DE     563            mov     _WDTCN,#0xDE
0006            564   ;        C:\Users\jinil\Desktop\ELEC\ELEC 291\New Project 2\FreqEFM8.c:25: WDTCN = 0xAD; //Second key
0006 7597AD     565            mov     _WDTCN,#0xAD
0009            566   ;        C:\Users\jinil\Desktop\ELEC\ELEC 291\New Project 2\FreqEFM8.c:27: VDM0CN |= 0x80;
0009 43FF80     567            orl     _VDM0CN,#0x80
000C            568   ;        C:\Users\jinil\Desktop\ELEC\ELEC 291\New Project 2\FreqEFM8.c:28: RSTSRC = 0x02;
000C 75EF02     569            mov     _RSTSRC,#0x02
000F            570   ;        C:\Users\jinil\Desktop\ELEC\ELEC 291\New Project 2\FreqEFM8.c:35: SFRPAGE = 0x10;
000F 75A710     571            mov     _SFRPAGE,#0x10
0012            572   ;        C:\Users\jinil\Desktop\ELEC\ELEC 291\New Project 2\FreqEFM8.c:36: PFE0CN  = 0x20; // SYSCLK < 75 MHz.
0012 75C120     573            mov     _PFE0CN,#0x20
0015            574   ;        C:\Users\jinil\Desktop\ELEC\ELEC 291\New Project 2\FreqEFM8.c:37: SFRPAGE = 0x00;
0015 75A700     575            mov     _SFRPAGE,#0x00
0018            576   ;        C:\Users\jinil\Desktop\ELEC\ELEC 291\New Project 2\FreqEFM8.c:58: CLKSEL = 0x00;
0018 75A900     577            mov     _CLKSEL,#0x00
001B            578   ;        C:\Users\jinil\Desktop\ELEC\ELEC 291\New Project 2\FreqEFM8.c:59: CLKSEL = 0x00;
001B 75A900     579            mov     _CLKSEL,#0x00
001E            580   ;        C:\Users\jinil\Desktop\ELEC\ELEC 291\New Project 2\FreqEFM8.c:60: while ((CLKSEL & 0x80) == 0);
001E            581   L002001?:
001E E5A9       582            mov     a,_CLKSEL
0020 30E7D8     583            jnb     acc.7,L002001?
0023            584   ;        C:\Users\jinil\Desktop\ELEC\ELEC 291\New Project 2\FreqEFM8.c:61: CLKSEL = 0x03;
0023 75A903     585            mov     _CLKSEL,#0x03
0026            586   ;        C:\Users\jinil\Desktop\ELEC\ELEC 291\New Project 2\FreqEFM8.c:62: CLKSEL = 0x03;
0026 75A903     587            mov     _CLKSEL,#0x03
0029            588   ;        C:\Users\jinil\Desktop\ELEC\ELEC 291\New Project 2\FreqEFM8.c:63: while ((CLKSEL & 0x80) == 0);
0029            589   L002004?:
0029 E5A9       590            mov     a,_CLKSEL
002B 30E758     591            jnb     acc.7,L002004?
002E            592   ;        C:\Users\jinil\Desktop\ELEC\ELEC 291\New Project 2\FreqEFM8.c:68: P0MDOUT |= 0x10; // Enable UART0 TX as push-pull output
002E 43A410     593            orl     _P0MDOUT,#0x10
0031            594   ;        C:\Users\jinil\Desktop\ELEC\ELEC 291\New Project 2\FreqEFM8.c:69: XBR0     = 0x01; // Enable UART0 on P0.4(TX) and P0.5(RX)                     
0031 75E101     595            mov     _XBR0,#0x01
0034            596   ;        C:\Users\jinil\Desktop\ELEC\ELEC 291\New Project 2\FreqEFM8.c:70: XBR1     = 0X10; // Enable T0 on P0.0
0034 75E210     597            mov     _XBR1,#0x10
0037            598   ;        C:\Users\jinil\Desktop\ELEC\ELEC 291\New Project 2\FreqEFM8.c:71: XBR2     = 0x40; // Enable crossbar and weak pull-ups
0037 75E340     599            mov     _XBR2,#0x40
003A            600   ;        C:\Users\jinil\Desktop\ELEC\ELEC 291\New Project 2\FreqEFM8.c:77: SCON0 = 0x10;
003A 759810     601            mov     _SCON0,#0x10
003D            602   ;        C:\Users\jinil\Desktop\ELEC\ELEC 291\New Project 2\FreqEFM8.c:78: CKCON0 |= 0b_0000_0000 ; // Timer 1 uses the system clock divided by 12.
003D 858E8E     603            mov     _CKCON0,_CKCON0
0040            604   ;        C:\Users\jinil\Desktop\ELEC\ELEC 291\New Project 2\FreqEFM8.c:79: TH1 = 0x100-((SYSCLK/BAUDRATE)/(2L*12L));
0040 758DE6     605            mov     _TH1,#0xE6
0043            606   ;        C:\Users\jinil\Desktop\ELEC\ELEC 291\New Project 2\FreqEFM8.c:80: TL1 = TH1;      // Init Timer1
0043 858D8B     607            mov     _TL1,_TH1
0046            608   ;        C:\Users\jinil\Desktop\ELEC\ELEC 291\New Project 2\FreqEFM8.c:81: TMOD &= ~0xf0;  // TMOD: timer 1 in 8-bit auto-reload
0046 53890F     609            anl     _TMOD,#0x0F
0049            610   ;        C:\Users\jinil\Desktop\ELEC\ELEC 291\New Project 2\FreqEFM8.c:82: TMOD |=  0x20;                       
0049 438920     611            orl     _TMOD,#0x20
004C            612   ;        C:\Users\jinil\Desktop\ELEC\ELEC 291\New Project 2\FreqEFM8.c:83: TR1 = 1; // START Timer1
004C D28E       613            setb    _TR1
004E            614   ;        C:\Users\jinil\Desktop\ELEC\ELEC 291\New Project 2\FreqEFM8.c:84: TI = 1;  // Indicate TX0 ready
004E D299       615            setb    _TI
0050            616   ;        C:\Users\jinil\Desktop\ELEC\ELEC 291\New Project 2\FreqEFM8.c:86: TMR2CN0 = 0x00;   // Stop Timer2; Clear TF2;
0050 75C800     617            mov     _TMR2CN0,#0x00
0053            618   ;        C:\Users\jinil\Desktop\ELEC\ELEC 291\New Project 2\FreqEFM8.c:87: CKCON0 |= 0b_0001_0000; // Timer 2 uses the system clock
0053 438E10     619            orl     _CKCON0,#0x10
0056            620   ;        C:\Users\jinil\Desktop\ELEC\ELEC 291\New Project 2\FreqEFM8.c:88: TMR2RL = (0x10000L - (SYSCLK / 10000L)); // Initialize reload value
0056 75CAE0     621            mov     _TMR2RL,#0xE0
0059 75CBE3     622            mov     (_TMR2RL >> 8),#0xE3
005C            623   ;        C:\Users\jinil\Desktop\ELEC\ELEC 291\New Project 2\FreqEFM8.c:89: TMR2 = 0xffff;   // Set to reload immediately
005C 75CEFF     624            mov     _TMR2,#0xFF
005F 75CFFF     625            mov     (_TMR2 >> 8),#0xFF
0062            626   ;        C:\Users\jinil\Desktop\ELEC\ELEC 291\New Project 2\FreqEFM8.c:90: ET2 = 1;         // Enable Timer2 interrupts
0062 D2AD       627            setb    _ET2
0064            628   ;        C:\Users\jinil\Desktop\ELEC\ELEC 291\New Project 2\FreqEFM8.c:91: TR2 = 1;         // Start Timer2 (TMR2CN is bit addressable)
0064 D2CA       629            setb    _TR2
0066            630   ;        C:\Users\jinil\Desktop\ELEC\ELEC 291\New Project 2\FreqEFM8.c:93: EA = 1; // Enable interrupts
0066 D2AF       631            setb    _EA
0068            632   ;        C:\Users\jinil\Desktop\ELEC\ELEC 291\New Project 2\FreqEFM8.c:94: return 0;
0068 758200     633            mov     dpl,#0x00
006B 22         634            ret
006C            635   ;------------------------------------------------------------
006C            636   ;Allocation info for local variables in function 'Timer3us'
006C            637   ;------------------------------------------------------------
006C            638   ;us                        Allocated to registers r2 
006C            639   ;i                         Allocated to registers r3 
006C            640   ;------------------------------------------------------------
006C            641   ;        C:\Users\jinil\Desktop\ELEC\ELEC 291\New Project 2\FreqEFM8.c:98: void Timer3us(unsigned char us)
006C            642   ;        -----------------------------------------
006C            643   ;         function Timer3us
006C            644   ;        -----------------------------------------
006C            645   _Timer3us:
006C AA82       646            mov     r2,dpl
006E            647   ;        C:\Users\jinil\Desktop\ELEC\ELEC 291\New Project 2\FreqEFM8.c:103: CKCON0|=0b_0100_0000;
006E 438E40     648            orl     _CKCON0,#0x40
0071            649   ;        C:\Users\jinil\Desktop\ELEC\ELEC 291\New Project 2\FreqEFM8.c:105: TMR3RL = (-(SYSCLK)/1000000L); // Set Timer3 to overflow in 1us.
0071 7592B8     650            mov     _TMR3RL,#0xB8
0074 7593FF     651            mov     (_TMR3RL >> 8),#0xFF
0077            652   ;        C:\Users\jinil\Desktop\ELEC\ELEC 291\New Project 2\FreqEFM8.c:106: TMR3 = TMR3RL;                 // Initialize Timer3 for first overflow
0077 859294     653            mov     _TMR3,_TMR3RL
007A 859395     654            mov     (_TMR3 >> 8),(_TMR3RL >> 8)
007D            655   ;        C:\Users\jinil\Desktop\ELEC\ELEC 291\New Project 2\FreqEFM8.c:108: TMR3CN0 = 0x04;                 // Sart Timer3 and clear overflow flag
007D 759104     656            mov     _TMR3CN0,#0x04
0080            657   ;        C:\Users\jinil\Desktop\ELEC\ELEC 291\New Project 2\FreqEFM8.c:109: for (i = 0; i < us; i++)       // Count <us> overflows
0080 7B00       658            mov     r3,#0x00
0082            659   L003006?:
0082 C3         660            clr     c
0083 EB         661            mov     a,r3
0084 9A         662            subb    a,r2
0085 5001       663            jnc     L003009?
0087            664   ;        C:\Users\jinil\Desktop\ELEC\ELEC 291\New Project 2\FreqEFM8.c:111: while (!(TMR3CN0 & 0x80));  // Wait for overflow
0087            665   L003001?:
0087 E591       666            mov     a,_TMR3CN0
0089 30E758     667            jnb     acc.7,L003001?
008C            668   ;        C:\Users\jinil\Desktop\ELEC\ELEC 291\New Project 2\FreqEFM8.c:112: TMR3CN0 &= ~(0x80);         // Clear overflow indicator
008C 53917F     669            anl     _TMR3CN0,#0x7F
008F            670   ;        C:\Users\jinil\Desktop\ELEC\ELEC 291\New Project 2\FreqEFM8.c:113: if (TF0)
008F            671   ;        C:\Users\jinil\Desktop\ELEC\ELEC 291\New Project 2\FreqEFM8.c:115: TF0=0;
008F 108D98     672            jbc     _TF0,L003019?
0092 8001       673            sjmp    L003008?
0094            674   L003019?:
0094            675   ;        C:\Users\jinil\Desktop\ELEC\ELEC 291\New Project 2\FreqEFM8.c:116: overflow_count++;
0094 0560       676            inc     _overflow_count
0096            677   L003008?:
0096            678   ;        C:\Users\jinil\Desktop\ELEC\ELEC 291\New Project 2\FreqEFM8.c:109: for (i = 0; i < us; i++)       // Count <us> overflows
0096 0B         679            inc     r3
0097 8001       680            sjmp    L003006?
0099            681   L003009?:
0099            682   ;        C:\Users\jinil\Desktop\ELEC\ELEC 291\New Project 2\FreqEFM8.c:119: TMR3CN0 = 0 ;                   // Stop Timer3 and clear overflow flag
0099 759100     683            mov     _TMR3CN0,#0x00
009C 22         684            ret
009D            685   ;------------------------------------------------------------
009D            686   ;Allocation info for local variables in function 'waitms'
009D            687   ;------------------------------------------------------------
009D            688   ;ms                        Allocated to registers r2 r3 
009D            689   ;j                         Allocated to registers r2 r3 
009D            690   ;------------------------------------------------------------
009D            691   ;        C:\Users\jinil\Desktop\ELEC\ELEC 291\New Project 2\FreqEFM8.c:122: void waitms (unsigned int ms)
009D            692   ;        -----------------------------------------
009D            693   ;         function waitms
009D            694   ;        -----------------------------------------
009D            695   _waitms:
009D AA82       696            mov     r2,dpl
009F AB83       697            mov     r3,dph
00A1            698   ;        C:\Users\jinil\Desktop\ELEC\ELEC 291\New Project 2\FreqEFM8.c:125: for(j=ms; j!=0; j--)
00A1            699   L004001?:
00A1 BA0098     700            cjne    r2,#0x00,L004010?
00A4 BB0098     701            cjne    r3,#0x00,L004010?
00A7 22         702            ret
00A8            703   L004010?:
00A8            704   ;        C:\Users\jinil\Desktop\ELEC\ELEC 291\New Project 2\FreqEFM8.c:127: Timer3us(249);
00A8 7582F9     705            mov     dpl,#0xF9
00AB C002       706            push    ar2
00AD C003       707            push    ar3
00AF 120100     708            lcall   _Timer3us
00B2            709   ;        C:\Users\jinil\Desktop\ELEC\ELEC 291\New Project 2\FreqEFM8.c:128: Timer3us(249);
00B2 7582F9     710            mov     dpl,#0xF9
00B5 120100     711            lcall   _Timer3us
00B8            712   ;        C:\Users\jinil\Desktop\ELEC\ELEC 291\New Project 2\FreqEFM8.c:129: Timer3us(249);
00B8 7582F9     713            mov     dpl,#0xF9
00BB 120100     714            lcall   _Timer3us
00BE            715   ;        C:\Users\jinil\Desktop\ELEC\ELEC 291\New Project 2\FreqEFM8.c:130: Timer3us(250);
00BE 7582FA     716            mov     dpl,#0xFA
00C1 120100     717            lcall   _Timer3us
00C4 D003       718            pop     ar3
00C6 D002       719            pop     ar2
00C8            720   ;        C:\Users\jinil\Desktop\ELEC\ELEC 291\New Project 2\FreqEFM8.c:125: for(j=ms; j!=0; j--)
00C8 1A         721            dec     r2
00C9 BAFFD8     722            cjne    r2,#0xff,L004011?
00CC 1B         723            dec     r3
00CD            724   L004011?:
00CD 8001       725            sjmp    L004001?
00CF            726   ;------------------------------------------------------------
00CF            727   ;Allocation info for local variables in function 'Timer2_ISR'
00CF            728   ;------------------------------------------------------------
00CF            729   ;------------------------------------------------------------
00CF            730   ;        C:\Users\jinil\Desktop\ELEC\ELEC 291\New Project 2\FreqEFM8.c:133: void Timer2_ISR(void) interrupt 5
00CF            731   ;        -----------------------------------------
00CF            732   ;         function Timer2_ISR
00CF            733   ;        -----------------------------------------
00CF            734   _Timer2_ISR:
00CF C0E0       735            push    acc
00D1 C002       736            push    ar2
00D3 C003       737            push    ar3
00D5 C0D0       738            push    psw
00D7 75D000     739            mov     psw,#0x00
00DA            740   ;        C:\Users\jinil\Desktop\ELEC\ELEC 291\New Project 2\FreqEFM8.c:135: TF2H = 0; // Clear Timer2 interrupt flag
00DA C2CF       741            clr     _TF2H
00DC            742   ;        C:\Users\jinil\Desktop\ELEC\ELEC 291\New Project 2\FreqEFM8.c:137: pwm_count++;
00DC 0520       743            inc     _pwm_count
00DE            744   ;        C:\Users\jinil\Desktop\ELEC\ELEC 291\New Project 2\FreqEFM8.c:138: if (pwm_count > 100) pwm_count = 0;
00DE E520       745            mov     a,_pwm_count
00E0 249B       746            add     a,#0xff - 0x64
00E2 5001       747            jnc     L005002?
00E4 752000     748            mov     _pwm_count,#0x00
00E7            749   L005002?:
00E7            750   ;        C:\Users\jinil\Desktop\ELEC\ELEC 291\New Project 2\FreqEFM8.c:140: OUT0 = pwm_count > number1 ? 0 : 1;
00E7 AA20       751            mov     r2,_pwm_count
00E9 7B00       752            mov     r3,#0x00
00EB C3         753            clr     c
00EC E5E0       754            mov     a,_number1
00EE 9A         755            subb    a,r2
00EF E5E1       756            mov     a,(_number1 + 1)
00F1 9B         757            subb    a,r3
00F2 9258       758            mov  _Timer2_ISR_sloc0_1_0,c
00F4 B3         759            cpl     c
00F5 9281       760            mov     _P0_1,c
00F7 D0D0       761            pop     psw
00F9 D003       762            pop     ar3
00FB D002       763            pop     ar2
00FD D0E0       764            pop     acc
00FF 32         765            reti
0100            766   ;        eliminated unneeded push/pop dpl
0100            767   ;        eliminated unneeded push/pop dph
0100            768   ;        eliminated unneeded push/pop b
0100            769   ;------------------------------------------------------------
0100            770   ;Allocation info for local variables in function 'TIMER0_Init'
0100            771   ;------------------------------------------------------------
0100            772   ;------------------------------------------------------------
0100            773   ;        C:\Users\jinil\Desktop\ELEC\ELEC 291\New Project 2\FreqEFM8.c:144: void TIMER0_Init(void)
0100            774   ;        -----------------------------------------
0100            775   ;         function TIMER0_Init
0100            776   ;        -----------------------------------------
0100            777   _TIMER0_Init:
0100            778   ;        C:\Users\jinil\Desktop\ELEC\ELEC 291\New Project 2\FreqEFM8.c:146: TMOD&=0b_1111_0000; // Set the bits of Timer/Counter 0 to zero
0100 5389F0     779            anl     _TMOD,#0xF0
0103            780   ;        C:\Users\jinil\Desktop\ELEC\ELEC 291\New Project 2\FreqEFM8.c:147: TMOD|=0b_0000_0101; // Timer/Counter 0 used as a 16-bit counter
0103 438905     781            orl     _TMOD,#0x05
0106            782   ;        C:\Users\jinil\Desktop\ELEC\ELEC 291\New Project 2\FreqEFM8.c:148: TR0=0; // Stop Timer/Counter 0
0106 C28C       783            clr     _TR0
0108 22         784            ret
0109            785   ;------------------------------------------------------------
0109            786   ;Allocation info for local variables in function 'main'
0109            787   ;------------------------------------------------------------
0109            788   ;F                         Allocated to registers r2 r3 r4 r5 
0109            789   ;------------------------------------------------------------
0109            790   ;        C:\Users\jinil\Desktop\ELEC\ELEC 291\New Project 2\FreqEFM8.c:151: void main (void) 
0109            791   ;        -----------------------------------------
0109            792   ;         function main
0109            793   ;        -----------------------------------------
0109            794   _main:
0109            795   ;        C:\Users\jinil\Desktop\ELEC\ELEC 291\New Project 2\FreqEFM8.c:155: TIMER0_Init();
0109 120100     796            lcall   _TIMER0_Init
010C            797   ;        C:\Users\jinil\Desktop\ELEC\ELEC 291\New Project 2\FreqEFM8.c:157: waitms(500); // Give PuTTY a chance to start.
010C 9001F4     798            mov     dptr,#0x01F4
010F 120100     799            lcall   _waitms
0112            800   ;        C:\Users\jinil\Desktop\ELEC\ELEC 291\New Project 2\FreqEFM8.c:158: printf("\x1b[2J"); // Clear screen using ANSI escape sequence.
0112 7498       801            mov     a,#__str_0
0114 C0E0       802            push    acc
0116 74B6       803            mov     a,#(__str_0 >> 8)
0118 C0E0       804            push    acc
011A 7480       805            mov     a,#0x80
011C C0E0       806            push    acc
011E 120100     807            lcall   _printf
0121 1581       808            dec     sp
0123 1581       809            dec     sp
0125 1581       810            dec     sp
0127            811   ;        C:\Users\jinil\Desktop\ELEC\ELEC 291\New Project 2\FreqEFM8.c:163: __FILE__, __DATE__, __TIME__);
0127            812   ;        C:\Users\jinil\Desktop\ELEC\ELEC 291\New Project 2\FreqEFM8.c:162: "Compiled: %s, %s\n\n",
0127 7458       813            mov     a,#__str_4
0129 C0E0       814            push    acc
012B 74B7       815            mov     a,#(__str_4 >> 8)
012D C0E0       816            push    acc
012F 7480       817            mov     a,#0x80
0131 C0E0       818            push    acc
0133 7498       819            mov     a,#__str_3
0135 C0E0       820            push    acc
0137 74B7       821            mov     a,#(__str_3 >> 8)
0139 C0E0       822            push    acc
013B 7480       823            mov     a,#0x80
013D C0E0       824            push    acc
013F 74D8       825            mov     a,#__str_2
0141 C0E0       826            push    acc
0143 74B7       827            mov     a,#(__str_2 >> 8)
0145 C0E0       828            push    acc
0147 7480       829            mov     a,#0x80
0149 C0E0       830            push    acc
014B 7418       831            mov     a,#__str_1
014D C0E0       832            push    acc
014F 74B8       833            mov     a,#(__str_1 >> 8)
0151 C0E0       834            push    acc
0153 7480       835            mov     a,#0x80
0155 C0E0       836            push    acc
0157 120100     837            lcall   _printf
015A E581       838            mov     a,sp
015C 24F4       839            add     a,#0xf4
015E F581       840            mov     sp,a
0160            841   ;        C:\Users\jinil\Desktop\ELEC\ELEC 291\New Project 2\FreqEFM8.c:165: while(1)
0160            842   L007005?:
0160            843   ;        C:\Users\jinil\Desktop\ELEC\ELEC 291\New Project 2\FreqEFM8.c:167: TL0=0;
0160 758A00     844            mov     _TL0,#0x00
0163            845   ;        C:\Users\jinil\Desktop\ELEC\ELEC 291\New Project 2\FreqEFM8.c:168: TH0=0;
0163 758C00     846            mov     _TH0,#0x00
0166            847   ;        C:\Users\jinil\Desktop\ELEC\ELEC 291\New Project 2\FreqEFM8.c:169: overflow_count=0;
0166 756000     848            mov     _overflow_count,#0x00
0169            849   ;        C:\Users\jinil\Desktop\ELEC\ELEC 291\New Project 2\FreqEFM8.c:170: TF0=0;
0169 C28D       850            clr     _TF0
016B            851   ;        C:\Users\jinil\Desktop\ELEC\ELEC 291\New Project 2\FreqEFM8.c:171: TR0=1; // Start Timer/Counter 0
016B D28C       852            setb    _TR0
016D            853   ;        C:\Users\jinil\Desktop\ELEC\ELEC 291\New Project 2\FreqEFM8.c:172: waitms(100);
016D 900064     854            mov     dptr,#0x0064
0170 120100     855            lcall   _waitms
0173            856   ;        C:\Users\jinil\Desktop\ELEC\ELEC 291\New Project 2\FreqEFM8.c:173: TR0=0; // Stop Timer/Counter 0
0173 C28C       857            clr     _TR0
0175            858   ;        C:\Users\jinil\Desktop\ELEC\ELEC 291\New Project 2\FreqEFM8.c:174: F=overflow_count*0x10000L+TH0*0x100L+TL0;
0175 AA60       859            mov     r2,_overflow_count
0177 7B00       860            mov     r3,#0x00
0179 8B05       861            mov     ar5,r3
017B 8A04       862            mov     ar4,r2
017D 7B00       863            mov     r3,#0x00
017F 7A00       864            mov     r2,#0x00
0181 AE8C       865            mov     r6,_TH0
0183 7F00       866            mov     r7,#0x00
0185 7800       867            mov     r0,#0x00
0187 8801       868            mov     ar1,r0
0189 8F00       869            mov     ar0,r7
018B 8E07       870            mov     ar7,r6
018D 7E00       871            mov     r6,#0x00
018F EE         872            mov     a,r6
0190 2A         873            add     a,r2
0191 FA         874            mov     r2,a
0192 EF         875            mov     a,r7
0193 3B         876            addc    a,r3
0194 FB         877            mov     r3,a
0195 E8         878            mov     a,r0
0196 3C         879            addc    a,r4
0197 FC         880            mov     r4,a
0198 E9         881            mov     a,r1
0199 3D         882            addc    a,r5
019A FD         883            mov     r5,a
019B AE8A       884            mov     r6,_TL0
019D E4         885            clr     a
019E FF         886            mov     r7,a
019F 33         887            rlc     a
01A0 95E0       888            subb    a,acc
01A2 F8         889            mov     r0,a
01A3 F9         890            mov     r1,a
01A4 EE         891            mov     a,r6
01A5 2A         892            add     a,r2
01A6 FA         893            mov     r2,a
01A7 EF         894            mov     a,r7
01A8 3B         895            addc    a,r3
01A9 FB         896            mov     r3,a
01AA E8         897            mov     a,r0
01AB 3C         898            addc    a,r4
01AC FC         899            mov     r4,a
01AD E9         900            mov     a,r1
01AE 3D         901            addc    a,r5
01AF FD         902            mov     r5,a
01B0            903   ;        C:\Users\jinil\Desktop\ELEC\ELEC 291\New Project 2\FreqEFM8.c:175: if (F > 1830)
01B0 C3         904            clr     c
01B1 7426       905            mov     a,#0x26
01B3 9A         906            subb    a,r2
01B4 7407       907            mov     a,#0x07
01B6 9B         908            subb    a,r3
01B7 E4         909            clr     a
01B8 9C         910            subb    a,r4
01B9 E4         911            clr     a
01BA 9D         912            subb    a,r5
01BB 5001       913            jnc     L007002?
01BD            914   ;        C:\Users\jinil\Desktop\ELEC\ELEC 291\New Project 2\FreqEFM8.c:177: TR2=1;
01BD D2CA       915            setb    _TR2
01BF            916   ;        C:\Users\jinil\Desktop\ELEC\ELEC 291\New Project 2\FreqEFM8.c:178: number1 = 50;
01BF 75E032     917            mov     _number1,#0x32
01C2 E4         918            clr     a
01C3 F5E1       919            mov     (_number1 + 1),a
01C5 8001       920            sjmp    L007003?
01C7            921   L007002?:
01C7            922   ;        C:\Users\jinil\Desktop\ELEC\ELEC 291\New Project 2\FreqEFM8.c:182: OUT0 = 0;
01C7 C281       923            clr     _P0_1
01C9            924   ;        C:\Users\jinil\Desktop\ELEC\ELEC 291\New Project 2\FreqEFM8.c:183: TR2=0;
01C9 C2CA       925            clr     _TR2
01CB            926   L007003?:
01CB            927   ;        C:\Users\jinil\Desktop\ELEC\ELEC 291\New Project 2\FreqEFM8.c:186: printf("\rf=%luHz", F);
01CB C002       928            push    ar2
01CD C003       929            push    ar3
01CF C004       930            push    ar4
01D1 C005       931            push    ar5
01D3 7418       932            mov     a,#__str_5
01D5 C0E0       933            push    acc
01D7 74B9       934            mov     a,#(__str_5 >> 8)
01D9 C0E0       935            push    acc
01DB 7480       936            mov     a,#0x80
01DD C0E0       937            push    acc
01DF 120100     938            lcall   _printf
01E2 E581       939            mov     a,sp
01E4 24F9       940            add     a,#0xf9
01E6 F581       941            mov     sp,a
01E8            942   ;        C:\Users\jinil\Desktop\ELEC\ELEC 291\New Project 2\FreqEFM8.c:187: printf("\x1b[0K"); // ANSI: Clear from cursor to end of line.
01E8 7458       943            mov     a,#__str_6
01EA C0E0       944            push    acc
01EC 74B9       945            mov     a,#(__str_6 >> 8)
01EE C0E0       946            push    acc
01F0 7480       947            mov     a,#0x80
01F2 C0E0       948            push    acc
01F4 120100     949            lcall   _printf
01F7 1581       950            dec     sp
01F9 1581       951            dec     sp
01FB 1581       952            dec     sp
01FD 020100     953            ljmp    L007005?
0200            954            rseg R_CSEG
0200            955   
0000            956            rseg R_XINIT
0000            957   
0000            958            rseg R_CONST
0000            959   __str_0:
0000 1B         960            db 0x1B
0001 5B324A     961            db '[2J'
0004 00         962            db 0x00
0005            963   __str_1:
0005 45464D38   964            db 'EFM8 Frequency measurement using Timer/Counter 0.'
     20467265
     7175656E
     6379206D
     65617375
     72656D65
     6E742075
     73696E67
     2054696D
     65722F43
     6F756E74
     65722030
     2E
0036 0A         965            db 0x0A
0037 46696C65   966            db 'File: %s'
     3A202573
003F 0A         967            db 0x0A
0040 43         968            db 'C'
0041 6F6D7069   969            db 'ompiled: %s, %s'
     6C65643A
     2025732C
     202573
0050 0A         970            db 0x0A
0051 0A         971            db 0x0A
0052 00         972            db 0x00
0053            973   __str_2:
0053 433A       974            db 'C:'
0055 5C         975            db 0x5C
0056 55736572   976            db 'Users'
     73
005B 5C         977            db 0x5C
005C 6A696E69   978            db 'jinil'
     6C
0061 5C         979            db 0x5C
0062 4465736B   980            db 'Desktop'
     746F70
0069 5C         981            db 0x5C
006A 454C4543   982            db 'ELEC'
006E 5C         983            db 0x5C
006F 454C4543   984            db 'ELEC 291'
     20323931
0077 5C         985            db 0x5C
0078 4E657720   986            db 'New Project 2'
     50726F6A
     65637420
     32
0085 5C         987            db 0x5C
0086 46726571   988            db 'FreqEFM8.'
     45464D38
     2E
008F 63         989            db 'c'
0090 00         990            db 0x00
0091            991   __str_3:
0091 41707220   992            db 'Apr  7 2020'
     20372032
     303230
009C 00         993            db 0x00
009D            994   __str_4:
009D 32313A32   995            db '21:25:19'
     353A3139
00A5 00         996            db 0x00
00A6            997   __str_5:
00A6 0D         998            db 0x0D
00A7 663D256C   999            db 'f=%luHz'
     75487A
00AE 00        1000            db 0x00
00AF           1001   __str_6:
00AF 1B        1002            db 0x1B
00B0 5B304B    1003            db '[0K'
00B3 00        1004            db 0x00
00B4           1005   
002E           1006            CSEG
002E           1007   
002E           1008   end
